{"/home/anonymous/Documents/Vuejs/vue/jobs/src/api/getJobs.js": {"path":"/home/anonymous/Documents/Vuejs/vue/jobs/src/api/getJobs.js","statementMap":{"0":{"start":{"line":2,"column":16},"end":{"line":6,"column":1}},"1":{"start":{"line":3,"column":18},"end":{"line":3,"column":45}},"2":{"start":{"line":4,"column":19},"end":{"line":4,"column":53}},"3":{"start":{"line":5,"column":2},"end":{"line":5,"column":23}}},"fnMap":{"0":{"name":"(anonymous_0)","decl":{"start":{"line":2,"column":16},"end":{"line":2,"column":17}},"loc":{"start":{"line":2,"column":28},"end":{"line":6,"column":1}},"line":2}},"branchMap":{},"s":{"0":1,"1":2,"2":2,"3":2},"f":{"0":2},"b":{},"_coverageSchema":"1a1c01bbd47fc00a2c39e90264f33305004495a9","hash":"1808eccf7412596f099f77df531b3b1281555006"}
,"/home/anonymous/Documents/Vuejs/vue/jobs/src/components/Navigation/ProfileImage.vue": {"path":"/home/anonymous/Documents/Vuejs/vue/jobs/src/components/Navigation/ProfileImage.vue","statementMap":{"0":{"start":{"line":6,"column":15},"end":{"line":6,"column":null}},"1":{"start":{"line":9,"column":4},"end":{"line":9,"column":11}}},"fnMap":{"0":{"name":"(anonymous_0)","decl":{"start":{"line":8,"column":2},"end":{"line":8,"column":6}},"loc":{"start":{"line":8,"column":9},"end":{"line":13,"column":null}}}},"branchMap":{},"s":{"0":2,"1":1},"f":{"0":1},"b":{}}
,"/home/anonymous/Documents/Vuejs/vue/jobs/src/components/Shared/TextInput.vue": {"path":"/home/anonymous/Documents/Vuejs/vue/jobs/src/components/Shared/TextInput.vue","statementMap":{"0":{"start":{"line":11,"column":15},"end":{"line":11,"column":null}},"1":{"start":{"line":28,"column":6},"end":{"line":28,"column":11}}},"fnMap":{"0":{"name":"(anonymous_0)","decl":{"start":{"line":27,"column":4},"end":{"line":27,"column":15}},"loc":{"start":{"line":27,"column":24},"end":{"line":29,"column":null}}}},"branchMap":{},"s":{"0":1,"1":3},"f":{"0":3},"b":{}}
,"/home/anonymous/Documents/Vuejs/vue/jobs/src/composables/useConfirmRoute.js": {"path":"/home/anonymous/Documents/Vuejs/vue/jobs/src/composables/useConfirmRoute.js","statementMap":{"0":{"start":{"line":3,"column":24},"end":{"line":6,"column":1}},"1":{"start":{"line":4,"column":16},"end":{"line":4,"column":26}},"2":{"start":{"line":5,"column":2},"end":{"line":5,"column":50}},"3":{"start":{"line":5,"column":24},"end":{"line":5,"column":48}}},"fnMap":{"0":{"name":"(anonymous_0)","decl":{"start":{"line":3,"column":24},"end":{"line":3,"column":25}},"loc":{"start":{"line":3,"column":39},"end":{"line":6,"column":1}},"line":3},"1":{"name":"(anonymous_1)","decl":{"start":{"line":5,"column":18},"end":{"line":5,"column":19}},"loc":{"start":{"line":5,"column":24},"end":{"line":5,"column":48}},"line":5}},"branchMap":{},"s":{"0":3,"1":3,"2":3,"3":3},"f":{"0":3,"1":3},"b":{},"_coverageSchema":"1a1c01bbd47fc00a2c39e90264f33305004495a9","hash":"76a03a5c70e21d28e697f8e1bbff659b80e33854"}
,"/home/anonymous/Documents/Vuejs/vue/jobs/src/store/constants.js": {"path":"/home/anonymous/Documents/Vuejs/vue/jobs/src/store/constants.js","statementMap":{"0":{"start":{"line":2,"column":26},"end":{"line":2,"column":38}},"1":{"start":{"line":4,"column":28},"end":{"line":4,"column":42}},"2":{"start":{"line":5,"column":26},"end":{"line":5,"column":38}},"3":{"start":{"line":6,"column":29},"end":{"line":6,"column":44}},"4":{"start":{"line":8,"column":36},"end":{"line":8,"column":58}},"5":{"start":{"line":9,"column":42},"end":{"line":9,"column":70}},"6":{"start":{"line":10,"column":44},"end":{"line":10,"column":74}},"7":{"start":{"line":12,"column":38},"end":{"line":12,"column":62}},"8":{"start":{"line":13,"column":32},"end":{"line":13,"column":50}},"9":{"start":{"line":14,"column":38},"end":{"line":14,"column":62}}},"fnMap":{},"branchMap":{},"s":{"0":2,"1":2,"2":2,"3":2,"4":2,"5":2,"6":2,"7":2,"8":2,"9":2},"f":{},"b":{},"_coverageSchema":"1a1c01bbd47fc00a2c39e90264f33305004495a9","hash":"5af6e7db6f4128d754e1e68f010fa90fe2df4173"}
,"/home/anonymous/Documents/Vuejs/vue/jobs/src/store/mutations.js": {"path":"/home/anonymous/Documents/Vuejs/vue/jobs/src/store/mutations.js","statementMap":{"0":{"start":{"line":7,"column":18},"end":{"line":20,"column":1}},"1":{"start":{"line":9,"column":4},"end":{"line":9,"column":28}},"2":{"start":{"line":12,"column":4},"end":{"line":12,"column":22}},"3":{"start":{"line":15,"column":4},"end":{"line":15,"column":48}},"4":{"start":{"line":18,"column":4},"end":{"line":18,"column":46}}},"fnMap":{"0":{"name":"(anonymous_0)","decl":{"start":{"line":8,"column":2},"end":{"line":8,"column":3}},"loc":{"start":{"line":8,"column":22},"end":{"line":10,"column":3}},"line":8},"1":{"name":"(anonymous_1)","decl":{"start":{"line":11,"column":2},"end":{"line":11,"column":3}},"loc":{"start":{"line":11,"column":30},"end":{"line":13,"column":3}},"line":11},"2":{"name":"(anonymous_2)","decl":{"start":{"line":14,"column":2},"end":{"line":14,"column":3}},"loc":{"start":{"line":14,"column":53},"end":{"line":16,"column":3}},"line":14},"3":{"name":"(anonymous_3)","decl":{"start":{"line":17,"column":2},"end":{"line":17,"column":3}},"loc":{"start":{"line":17,"column":52},"end":{"line":19,"column":3}},"line":17}},"branchMap":{},"s":{"0":1,"1":0,"2":0,"3":0,"4":0},"f":{"0":0,"1":0,"2":0,"3":0},"b":{},"_coverageSchema":"1a1c01bbd47fc00a2c39e90264f33305004495a9","hash":"16defd28dca4e3ac4ee85672030a71e41428ce53"}
,"/home/anonymous/Documents/Vuejs/vue/jobs/src/store/state.js": {"path":"/home/anonymous/Documents/Vuejs/vue/jobs/src/store/state.js","statementMap":{"0":{"start":{"line":1,"column":14},"end":{"line":8,"column":1}},"1":{"start":{"line":2,"column":2},"end":{"line":7,"column":4}}},"fnMap":{"0":{"name":"(anonymous_0)","decl":{"start":{"line":1,"column":14},"end":{"line":1,"column":15}},"loc":{"start":{"line":1,"column":20},"end":{"line":8,"column":1}},"line":1}},"branchMap":{},"s":{"0":1,"1":0},"f":{"0":0},"b":{},"_coverageSchema":"1a1c01bbd47fc00a2c39e90264f33305004495a9","hash":"d105615f84244d0832e314749de215ccb5f6075d"}
,"/home/anonymous/Documents/Vuejs/vue/jobs/src/utils/nextElementInList.js": {"path":"/home/anonymous/Documents/Vuejs/vue/jobs/src/utils/nextElementInList.js","statementMap":{"0":{"start":{"line":1,"column":26},"end":{"line":6,"column":1}},"1":{"start":{"line":2,"column":28},"end":{"line":2,"column":47}},"2":{"start":{"line":3,"column":25},"end":{"line":3,"column":62}},"3":{"start":{"line":4,"column":20},"end":{"line":4,"column":40}},"4":{"start":{"line":5,"column":2},"end":{"line":5,"column":19}}},"fnMap":{"0":{"name":"(anonymous_0)","decl":{"start":{"line":1,"column":26},"end":{"line":1,"column":27}},"loc":{"start":{"line":1,"column":43},"end":{"line":6,"column":1}},"line":1}},"branchMap":{},"s":{"0":1,"1":2,"2":2,"3":2,"4":2},"f":{"0":2},"b":{},"_coverageSchema":"1a1c01bbd47fc00a2c39e90264f33305004495a9","hash":"55aa165d87eee48a629a11ff67be1b48807e16ea"}
}
